Using pre-set license
Built from '2020.2/release' branch; Version is '2020.2.1f1 (270dd8c3da1c) revision 2559448'; Using compiler version '192528614'; Build Type 'Release'
OS: 'Windows 10  (10.0.0) 64bit' Language: 'ko' Physical Memory: 16145 MB
BatchMode: 1, IsHumanControllingUs: 0, StartBugReporterOnCrash: 0, Is64bit: 1, IsPro: 0

 COMMAND LINE ARGUMENTS:
C:\Users\ljia0\Unity\2020.2.1f1\Editor\Unity.exe
-adb2
-batchMode
-noUpm
-name
AssetImportWorker0
-projectPath
C:/Users/ljia0/Documents/Test/AProject
-logFile
Logs/AssetImportWorker0.log
-srvPort
59168
Successfully changed project path to: C:/Users/ljia0/Documents/Test/AProject
C:/Users/ljia0/Documents/Test/AProject
Using Asset Import Pipeline V2.
Refreshing native plugins compatible for Editor in 98.39 ms, found 1 plugins.
Preloading 0 native plugins for Editor in 0.00 ms.
Initialize engine version: 2020.2.1f1 (270dd8c3da1c)
[Subsystems] Discovering subsystems at path C:/Users/ljia0/Unity/2020.2.1f1/Editor/Data/Resources/UnitySubsystems
[Subsystems] Discovering subsystems at path C:/Users/ljia0/Documents/Test/AProject/Assets
GfxDevice: creating device client; threaded=0
Direct3D:
    Version:  Direct3D 11.0 [level 11.1]
    Renderer: Intel(R) Iris(R) Plus Graphics (ID=0x8a5a)
    Vendor:   
    VRAM:     8072 MB
    Driver:   27.20.100.8853
Initialize mono
Mono path[0] = 'C:/Users/ljia0/Unity/2020.2.1f1/Editor/Data/Managed'
Mono path[1] = 'C:/Users/ljia0/Unity/2020.2.1f1/Editor/Data/MonoBleedingEdge/lib/mono/unityjit'
Mono config path = 'C:/Users/ljia0/Unity/2020.2.1f1/Editor/Data/MonoBleedingEdge/etc'
Using monoOptions --debugger-agent=transport=dt_socket,embedding=1,server=y,suspend=n,address=127.0.0.1:56968
Begin MonoManager ReloadAssembly
Registering precompiled unity dll's ...
Register platform support module: C:/Users/ljia0/Unity/2020.2.1f1/Editor/Data/PlaybackEngines/WebGLSupport/UnityEditor.WebGL.Extensions.dll
Register platform support module: C:/Users/ljia0/Unity/2020.2.1f1/Editor/Data/PlaybackEngines/WindowsStandaloneSupport/UnityEditor.WindowsStandalone.Extensions.dll
Registered in 0.005634 seconds.
Native extension for WindowsStandalone target not found
Native extension for WebGL target not found
Refreshing native plugins compatible for Editor in 66.34 ms, found 1 plugins.
Preloading 0 native plugins for Editor in 0.00 ms.
Invoked RoslynAnalysisRunner static constructor.
RoslynAnalysisRunner will not be running.
RoslynAnalysisRunner has terminated.
Mono: successfully reloaded assembly
- Completed reload, in  3.228 seconds
Platform modules already initialized, skipping
Registering precompiled user dll's ...
Registered in 0.002229 seconds.
Begin MonoManager ReloadAssembly
Native extension for WindowsStandalone target not found
Native extension for WebGL target not found
Refreshing native plugins compatible for Editor in 95.73 ms, found 1 plugins.
Preloading 0 native plugins for Editor in 0.00 ms.
Invoked RoslynAnalysisRunner static constructor.
RoslynAnalysisRunner will not be running.
RoslynAnalysisRunner has terminated.
Mono: successfully reloaded assembly
- Completed reload, in  2.859 seconds
Platform modules already initialized, skipping
========================================================================
Worker process is ready to serve import requests
Launched and connected shader compiler UnityShaderCompiler.exe after 0.07 seconds
Refreshing native plugins compatible for Editor in 0.59 ms, found 1 plugins.
Preloading 0 native plugins for Editor in 0.00 ms.
Unloading 2201 Unused Serialized files (Serialized files now loaded: 0)
System memory in use before: 98.9 MB.
System memory in use after: 98.9 MB.

Unloading 24 unused Assets to reduce memory usage. Loaded Objects now: 2642.
Total: 5.963100 ms (FindLiveObjects: 0.508800 ms CreateObjectMapping: 0.240700 ms MarkObjects: 4.980000 ms  DeleteObjects: 0.231200 ms)

========================================================================
Received Import Request.
  path: Assets/Scripts/ClickImaged.cs
  artifactKey: Guid(07c4db1ed442b2841bedc9ef3dbe7605) Importer(815301076,1909f56bfc062723c751e8b465ee728b)
Start importing Assets/Scripts/ClickImaged.cs using Guid(07c4db1ed442b2841bedc9ef3dbe7605) Importer(815301076,1909f56bfc062723c751e8b465ee728b)  -> (artifact id: '79355d5513dabc425123d810d15d5a62') in 0.099196 seconds
  Import took 0.106446 seconds .

========================================================================
Received Import Request.
  Time since last request: 244.151172 seconds.
  path: Assets/Scripts/ClickImaged.cs
  artifactKey: Guid(07c4db1ed442b2841bedc9ef3dbe7605) Importer(815301076,1909f56bfc062723c751e8b465ee728b)
Start importing Assets/Scripts/ClickImaged.cs using Guid(07c4db1ed442b2841bedc9ef3dbe7605) Importer(815301076,1909f56bfc062723c751e8b465ee728b)  -> (artifact id: 'f1864c41f4b8d774db85d6a3a427da8d') in 0.017312 seconds
  Import took 0.042050 seconds .

========================================================================
Received Import Request.
  Time since last request: 0.176857 seconds.
  path: Assets/Scripts/ClickImaged.cs
  artifactKey: Guid(07c4db1ed442b2841bedc9ef3dbe7605) Importer(815301076,1909f56bfc062723c751e8b465ee728b)
Start importing Assets/Scripts/ClickImaged.cs using Guid(07c4db1ed442b2841bedc9ef3dbe7605) Importer(815301076,1909f56bfc062723c751e8b465ee728b)  -> (artifact id: 'f1864c41f4b8d774db85d6a3a427da8d') in 0.035786 seconds
  Import took 0.062078 seconds .

========================================================================
Received Prepare
Registering precompiled user dll's ...
Registered in 0.000937 seconds.
Begin MonoManager ReloadAssembly
Native extension for WindowsStandalone target not found
Native extension for WebGL target not found
Refreshing native plugins compatible for Editor in 0.58 ms, found 1 plugins.
Preloading 0 native plugins for Editor in 0.00 ms.
Invoked RoslynAnalysisRunner static constructor.
RoslynAnalysisRunner will not be running.
RoslynAnalysisRunner has terminated.
Mono: successfully reloaded assembly
- Completed reload, in  1.327 seconds
Platform modules already initialized, skipping
Refreshing native plugins compatible for Editor in 0.49 ms, found 1 plugins.
Preloading 0 native plugins for Editor in 0.00 ms.
Unloading 2186 Unused Serialized files (Serialized files now loaded: 0)
System memory in use before: 98.7 MB.
System memory in use after: 98.7 MB.

Unloading 12 unused Assets to reduce memory usage. Loaded Objects now: 2645.
Total: 2.217400 ms (FindLiveObjects: 0.250600 ms CreateObjectMapping: 0.094700 ms MarkObjects: 1.764700 ms  DeleteObjects: 0.105600 ms)

========================================================================
Received Import Request.
  Time since last request: 28.213743 seconds.
  path: Assets/Resources/20210816_110444.jpg
  artifactKey: Guid(96d2ad0c24667cd489ac04f69ccf367f) Importer(815301076,1909f56bfc062723c751e8b465ee728b)
Start importing Assets/Resources/20210816_110444.jpg using Guid(96d2ad0c24667cd489ac04f69ccf367f) Importer(815301076,1909f56bfc062723c751e8b465ee728b)  -> (artifact id: '25021c5d00cc6ac42d7986e18dccca28') in 0.171721 seconds
  Import took 0.178141 seconds .

========================================================================
Received Import Request.
  Time since last request: 7.269850 seconds.
  path: Assets/Resources/1.jpg
  artifactKey: Guid(96d2ad0c24667cd489ac04f69ccf367f) Importer(815301076,1909f56bfc062723c751e8b465ee728b)
Start importing Assets/Resources/1.jpg using Guid(96d2ad0c24667cd489ac04f69ccf367f) Importer(815301076,1909f56bfc062723c751e8b465ee728b)  -> (artifact id: '3449dddcac6cf42dbe6d43320344e868') in 0.085639 seconds
  Import took 0.091756 seconds .

========================================================================
Received Prepare
Registering precompiled user dll's ...
Registered in 0.001379 seconds.
Begin MonoManager ReloadAssembly
Native extension for WindowsStandalone target not found
Native extension for WebGL target not found
Refreshing native plugins compatible for Editor in 0.68 ms, found 1 plugins.
Preloading 0 native plugins for Editor in 0.00 ms.
Invoked RoslynAnalysisRunner static constructor.
RoslynAnalysisRunner will not be running.
RoslynAnalysisRunner has terminated.
Mono: successfully reloaded assembly
- Completed reload, in  1.195 seconds
Platform modules already initialized, skipping
Refreshing native plugins compatible for Editor in 6.71 ms, found 1 plugins.
Preloading 0 native plugins for Editor in 0.00 ms.
Unloading 2187 Unused Serialized files (Serialized files now loaded: 0)
System memory in use before: 101.8 MB.
System memory in use after: 101.8 MB.

Unloading 12 unused Assets to reduce memory usage. Loaded Objects now: 2654.
Total: 25.010200 ms (FindLiveObjects: 0.651800 ms CreateObjectMapping: 0.817800 ms MarkObjects: 21.946200 ms  DeleteObjects: 1.590100 ms)

========================================================================
Received Prepare
Registering precompiled user dll's ...
Registered in 0.006246 seconds.
Begin MonoManager ReloadAssembly
Native extension for WindowsStandalone target not found
Native extension for WebGL target not found
Refreshing native plugins compatible for Editor in 0.38 ms, found 1 plugins.
Preloading 0 native plugins for Editor in 0.00 ms.
Invoked RoslynAnalysisRunner static constructor.
RoslynAnalysisRunner will not be running.
RoslynAnalysisRunner has terminated.
Mono: successfully reloaded assembly
- Completed reload, in  1.098 seconds
Platform modules already initialized, skipping
Refreshing native plugins compatible for Editor in 0.50 ms, found 1 plugins.
Preloading 0 native plugins for Editor in 0.00 ms.
Unloading 2187 Unused Serialized files (Serialized files now loaded: 0)
System memory in use before: 101.8 MB.
System memory in use after: 101.9 MB.

Unloading 12 unused Assets to reduce memory usage. Loaded Objects now: 2657.
Total: 2.650200 ms (FindLiveObjects: 0.212600 ms CreateObjectMapping: 0.096500 ms MarkObjects: 2.167300 ms  DeleteObjects: 0.172500 ms)

AssetImportWorkerClient::OnTransportError - code=2 error=End of file
